Arguments: 
  C:\Program Files\nodejs\node.exe C:\Users\sesa583781\AppData\Roaming\npm\node_modules\yarn\bin\yarn.js add node-fetch

PATH: 
  C:\Users\sesa583781\bin;C:\Program Files\Git\mingw64\bin;C:\Program Files\Git\usr\local\bin;C:\Program Files\Git\usr\bin;C:\Program Files\Git\usr\bin;C:\Program Files\Git\mingw64\bin;C:\Program Files\Git\usr\bin;C:\Users\sesa583781\bin;C:\Program Files (x86)\NetSarang\Xshell 6;C:\Python38\Scripts;C:\Python38;C:\WINDOWS\system32;C:\WINDOWS;C:\WINDOWS\System32\Wbem;C:\WINDOWS\System32\WindowsPowerShell\v1.0;C:\Program Files (x86)\Windows Imaging;C:\Program Files\Git\cmd;C:\Program Files\OpenVPN\bin;C:\Program Files\nodejs;C:\ProgramData\chocolatey\bin;C:\env;C:\Program Files (x86)\Microsoft SQL Server\150\DTS\Binn;C:\Program Files\Azure Data Studio\bin;C:\Program Files\1E\Client\Extensibility\NomadBranch;C:\Program Files\dotnet;C:\Program Files\Docker\Docker\resources\bin;C:\ProgramData\DockerDesktop\version-bin;C:\Users\sesa583781\AppData\Local\Microsoft\WindowsApps;C:\Users\sesa583781\AppData\Local\Programs\Microsoft VS Code\bin;C:\Users\sesa583781\AppData\Roaming\npm;C:\Users\sesa583781\AppData\Local\GitHubDesktop\bin;C:\Program Files\Azure Data Studio\bin;C:\Users\sesa583781\.dotnet\tools;C:\Users\sesa583781\AppData\Local\Microsoft\WindowsApps;C:\Users\sesa583781\AppData\Local\Box\Box Edit;C:\Program Files\Git\usr\bin\vendor_perl;C:\Program Files\Git\usr\bin\core_perl

Yarn version: 
  1.22.4

Node version: 
  12.18.3

Platform: 
  win32 x64

Trace: 
  Error: unable to get local issuer certificate
      at TLSSocket.onConnectSecure (_tls_wrap.js:1501:34)
      at TLSSocket.emit (events.js:315:20)
      at TLSSocket._finishInit (_tls_wrap.js:936:8)
      at TLSWrap.ssl.onhandshakedone (_tls_wrap.js:710:12)

npm manifest: 
  {
    "name": "algorithms-and-data-structures",
    "version": "1.0.0",
    "description": "算法和数据结构",
    "main": "one.js",
    "scripts": {
      "test": "echo \"Error: no test specified\" && exit 1"
    },
    "repository": {
      "type": "git",
      "url": "git+https://github.com/justsso/Algorithms-and-Data-Structures.git"
    },
    "author": "",
    "license": "ISC",
    "bugs": {
      "url": "https://github.com/justsso/Algorithms-and-Data-Structures/issues"
    },
    "homepage": "https://github.com/justsso/Algorithms-and-Data-Structures#readme",
    "devDependencies": {
      "create-next-app": "^9.4.1"
    }
  }

yarn manifest: 
  No manifest

Lockfile: 
  No lockfile
